#
# There is insufficient memory for the Java Runtime Environment to continue.
# Native memory allocation (malloc) failed to allocate 1048576 bytes for AllocateHeap
# Possible reasons:
#   The system is out of physical RAM or swap space
#   The process is running with CompressedOops enabled, and the Java Heap may be blocking the growth of the native heap
# Possible solutions:
#   Reduce memory load on the system
#   Increase physical memory or swap space
#   Check if swap backing store is full
#   Decrease Java heap size (-Xmx/-Xms)
#   Decrease number of Java threads
#   Decrease Java thread stack sizes (-Xss)
#   Set larger code cache with -XX:ReservedCodeCacheSize=
#   JVM is running with Zero Based Compressed Oops mode in which the Java heap is
#     placed in the first 32GB address space. The Java Heap base address is the
#     maximum limit for the native heap growth. Please use -XX:HeapBaseMinAddress
#     to set the Java Heap base and to place the Java Heap above 32GB virtual address.
# This output file may be truncated or incomplete.
#
#  Out of Memory Error (./open/src/hotspot/share/memory/allocation.cpp:46), pid=28804, tid=2148
#
# JRE version: Java(TM) SE Runtime Environment 18.9 (11.0.14+8) (build 11.0.14+8-LTS-263)
# Java VM: Java HotSpot(TM) 64-Bit Server VM 18.9 (11.0.14+8-LTS-263, mixed mode, tiered, compressed oops, g1 gc, windows-amd64)
# No core dump will be written. Minidumps are not enabled by default on client versions of Windows
#

---------------  S U M M A R Y ------------

Command Line: -javaagent:D:\java\IDEA\IntelliJ IDEA 2022.1.3\lib\idea_rt.jar=50780:D:\java\IDEA\IntelliJ IDEA 2022.1.3\bin -Dfile.encoding=UTF-8 com.qinggan.consumer.EasyConsumer

Host: 11th Gen Intel(R) Core(TM) i5-11300H @ 3.10GHz, 8 cores, 15G,  Windows 11 , 64 bit Build 22621 (10.0.22621.3958)
Time: Wed Sep 11 17:48:38 2024 中国标准时间 elapsed time: 1.847498 seconds (0d 0h 0m 1s)

---------------  T H R E A D  ---------------

Current thread (0x0000028eeae78800):  VMThread "VM Thread" [stack: 0x0000009db0c00000,0x0000009db0d00000] [id=2148]

Stack: [0x0000009db0c00000,0x0000009db0d00000]
[error occurred during error reporting (printing stack bounds), id 0xc0000005, EXCEPTION_ACCESS_VIOLATION (0xc0000005) at pc=0x0000028ecf2610e7]

Native frames: (J=compiled Java code, j=interpreted, Vv=VM code, C=native code)
V  [jvm.dll+0x6296da]
V  [jvm.dll+0x76323f]
V  [jvm.dll+0x7648e9]
V  [jvm.dll+0x764ed5]
V  [jvm.dll+0x764e8b]
V  [jvm.dll+0x628c23]
V  [jvm.dll+0x6292d8]
C  [ntdll.dll+0xa504f]
C  [ntdll.dll+0x1e866]
C  [ntdll.dll+0xa403e]
C  0x0000028ecf2610e7

VM_Operation (0x0000009db23fd5e0): CollectForMetadataAllocation, mode: safepoint, requested by thread 0x0000028eed379000


---------------  P R O C E S S  ---------------

Threads class SMR info:
_java_thread_list=0x0000028eed0f23c0, length=17, elements={
0x0000028ec63e7000, 0x0000028eeae7a800, 0x0000028eeae86000, 0x0000028eeb798800,
0x0000028eeb79c000, 0x0000028eeb79e800, 0x0000028eeb79f800, 0x0000028eeb808000,
0x0000028eeb80d000, 0x0000028eeb91a000, 0x0000028eebcdd800, 0x0000028eec6b1800,
0x0000028eec42c800, 0x0000028eecd16800, 0x0000028eee5e0800, 0x0000028eed099800,
0x0000028eed379000
}

Java Threads: ( => current thread )
  0x0000028ec63e7000 JavaThread "main" [_thread_blocked, id=20044, stack(0x0000009db0600000,0x0000009db0700000)]
  0x0000028eeae7a800 JavaThread "Reference Handler" daemon [_thread_blocked, id=28736, stack(0x0000009db0d00000,0x0000009db0e00000)]
  0x0000028eeae86000 JavaThread "Finalizer" daemon [_thread_blocked, id=20576, stack(0x0000009db0e00000,0x0000009db0f00000)]
  0x0000028eeb798800 JavaThread "Signal Dispatcher" daemon [_thread_blocked, id=8412, stack(0x0000009db0f00000,0x0000009db1000000)]
  0x0000028eeb79c000 JavaThread "Attach Listener" daemon [_thread_blocked, id=25356, stack(0x0000009db1000000,0x0000009db1100000)]
  0x0000028eeb79e800 JavaThread "Service Thread" daemon [_thread_blocked, id=15484, stack(0x0000009db1100000,0x0000009db1200000)]
  0x0000028eeb79f800 JavaThread "C2 CompilerThread0" daemon [_thread_blocked, id=3144, stack(0x0000009db1200000,0x0000009db1300000)]
  0x0000028eeb808000 JavaThread "C1 CompilerThread0" daemon [_thread_blocked, id=29060, stack(0x0000009db1300000,0x0000009db1400000)]
  0x0000028eeb80d000 JavaThread "Sweeper thread" daemon [_thread_blocked, id=17968, stack(0x0000009db1400000,0x0000009db1500000)]
  0x0000028eeb91a000 JavaThread "Common-Cleaner" daemon [_thread_blocked, id=26748, stack(0x0000009db1500000,0x0000009db1600000)]
  0x0000028eebcdd800 JavaThread "Monitor Ctrl-Break" daemon [_thread_in_native, id=21432, stack(0x0000009db1700000,0x0000009db1800000)]
  0x0000028eec6b1800 JavaThread "vertx-blocked-thread-checker" daemon [_thread_blocked, id=23188, stack(0x0000009db1600000,0x0000009db1700000)]
  0x0000028eec42c800 JavaThread "Thread-2" daemon [_thread_in_native, id=21628, stack(0x0000009db1f00000,0x0000009db2000000)]
  0x0000028eecd16800 JavaThread "C2 CompilerThread1" daemon [_thread_blocked, id=8652, stack(0x0000009db1e00000,0x0000009db1f00000)]
  0x0000028eee5e0800 JavaThread "jetcd-pool-1-thread-1" daemon [_thread_blocked, id=19928, stack(0x0000009db2100000,0x0000009db2200000)]
  0x0000028eed099800 JavaThread "vert.x-eventloop-thread-0" daemon [_thread_in_native, id=12444, stack(0x0000009db2200000,0x0000009db2300000)]
  0x0000028eed379000 JavaThread "grpc-default-executor-0" daemon [_thread_blocked, id=16596, stack(0x0000009db2300000,0x0000009db2400000)]

Other Threads:
=>0x0000028eeae78800 VMThread "VM Thread" [stack: 0x0000009db0c00000,0x0000009db0d00000] [id=2148]
  0x0000028eebcde000 WatcherThread [stack: 0x0000009db1800000,0x0000009db1900000] [id=19120]
  0x0000028ec63fb000 GCTaskThread "GC Thread#0" [stack: 0x0000009db0700000,0x0000009db0800000] [id=26988]
  0x0000028eeca9f800 GCTaskThread "GC Thread#1" [stack: 0x0000009db1900000,0x0000009db1a00000] [id=1556]
  0x0000028eec6a6800 GCTaskThread "GC Thread#2" [stack: 0x0000009db1a00000,0x0000009db1b00000] [id=27124]
  0x0000028eec177800 GCTaskThread "GC Thread#3" [stack: 0x0000009db1b00000,0x0000009db1c00000] [id=7480]
  0x0000028eec5b0800 GCTaskThread "GC Thread#4" [stack: 0x0000009db1c00000,0x0000009db1d00000] [id=10440]
  0x0000028eec6d4000 GCTaskThread "GC Thread#5" [stack: 0x0000009db1d00000,0x0000009db1e00000] [id=25340]
  0x0000028ec6458800 ConcurrentGCThread "G1 Main Marker" [stack: 0x0000009db0800000,0x0000009db0900000] [id=22752]
  0x0000028ec6459800 ConcurrentGCThread "G1 Conc#0" [stack: 0x0000009db0900000,0x0000009db0a00000] [id=28200]
  0x0000028eec5eb800 ConcurrentGCThread "G1 Conc#1" [stack: 0x0000009db2000000,0x0000009db2100000] [id=25748]
  0x0000028eead5c000 ConcurrentGCThread "G1 Refine#0" [stack: 0x0000009db0a00000,0x0000009db0b00000] [id=25196]
  0x0000028eead5d000 ConcurrentGCThread "G1 Young RemSet Sampling" [stack: 0x0000009db0b00000,0x0000009db0c00000] [id=29016]

Threads with active compile tasks:
C2 CompilerThread0   1865 1394   !   4       java.util.concurrent.ConcurrentHashMap::putVal (432 bytes)
C2 CompilerThread1   1865 1393   !   4       java.util.concurrent.ConcurrentHashMap::transfer (828 bytes)

VM state:at safepoint (normal execution)

VM Mutex/Monitor currently owned by a thread:  ([mutex/lock_event])
[0x0000028ec63e1830] Threads_lock - owner thread: 0x0000028eeae78800
[0x0000028ec63e1dd0] Heap_lock - owner thread: 0x0000028eed379000

Heap address: 0x0000000703600000, size: 4042 MB, Compressed Oops mode: Zero based, Oop shift amount: 3
Narrow klass base: 0x0000000800000000, Narrow klass shift: 0
Compressed class space size: 1073741824 Address: 0x0000000800000000

Heap:
 garbage-first heap   total 260096K, used 7069K [0x0000000703600000, 0x0000000800000000)
  region size 1024K, 3 young (3072K), 3 survivors (3072K)
 Metaspace       used 25231K, capacity 25567K, committed 25648K, reserved 1081344K
  class space    used 2728K, capacity 2875K, committed 2944K, reserved 1048576K
Heap Regions: E=young(eden), S=young(survivor), O=old, HS=humongous(starts), HC=humongous(continues), CS=collection set, F=free, A=archive, TAMS=top-at-mark-start (previous, next)
|   0|0x0000000703600000, 0x0000000703700000, 0x0000000703700000|100%| O|  |TAMS 0x0000000703700000, 0x0000000703700000| Untracked 
|   1|0x0000000703700000, 0x0000000703800000, 0x0000000703800000|100%| O|  |TAMS 0x0000000703727c00, 0x0000000703800000| Untracked 
|   2|0x0000000703800000, 0x0000000703900000, 0x0000000703900000|100%| O|  |TAMS 0x0000000703800000, 0x0000000703900000| Untracked 
|   3|0x0000000703900000, 0x0000000703a00000, 0x0000000703a00000|100%| O|  |TAMS 0x0000000703900000, 0x0000000703a00000| Untracked 
|   4|0x0000000703a00000, 0x0000000703a15c00, 0x0000000703b00000|  8%| O|  |TAMS 0x0000000703a00000, 0x0000000703a15c00| Untracked 
|   5|0x0000000703b00000, 0x0000000703b00000, 0x0000000703c00000|  0%| F|  |TAMS 0x0000000703b00000, 0x0000000703b00000| Untracked 
|   6|0x0000000703c00000, 0x0000000703c00000, 0x0000000703d00000|  0%| F|  |TAMS 0x0000000703c00000, 0x0000000703c00000| Untracked 
|   7|0x0000000703d00000, 0x0000000703d00000, 0x0000000703e00000|  0%| F|  |TAMS 0x0000000703d00000, 0x0000000703d00000| Untracked 
|   8|0x0000000703e00000, 0x0000000703e00000, 0x0000000703f00000|  0%| F|  |TAMS 0x0000000703e00000, 0x0000000703e00000| Untracked 
|   9|0x0000000703f00000, 0x0000000703f00000, 0x0000000704000000|  0%| F|  |TAMS 0x0000000703f00000, 0x0000000703f00000| Untracked 
|  10|0x0000000704000000, 0x0000000704000000, 0x0000000704100000|  0%| F|  |TAMS 0x0000000704000000, 0x0000000704000000| Untracked 
|  11|0x0000000704100000, 0x0000000704100000, 0x0000000704200000|  0%| F|  |TAMS 0x0000000704100000, 0x0000000704100000| Untracked 
|  12|0x0000000704200000, 0x0000000704200000, 0x0000000704300000|  0%| F|  |TAMS 0x0000000704200000, 0x0000000704200000| Untracked 
|  13|0x0000000704300000, 0x0000000704300000, 0x0000000704400000|  0%| F|  |TAMS 0x0000000704300000, 0x0000000704300000| Untracked 
|  14|0x0000000704400000, 0x0000000704400000, 0x0000000704500000|  0%| F|  |TAMS 0x0000000704400000, 0x0000000704400000| Untracked 
|  15|0x0000000704500000, 0x0000000704500000, 0x0000000704600000|  0%| F|  |TAMS 0x0000000704500000, 0x0000000704500000| Untracked 
|  16|0x0000000704600000, 0x0000000704600000, 0x0000000704700000|  0%| F|  |TAMS 0x0000000704600000, 0x0000000704600000| Untracked 
|  17|0x0000000704700000, 0x0000000704700000, 0x0000000704800000|  0%| F|  |TAMS 0x0000000704700000, 0x0000000704700000| Untracked 
|  18|0x0000000704800000, 0x0000000704800000, 0x0000000704900000|  0%| F|  |TAMS 0x0000000704800000, 0x0000000704800000| Untracked 
|  19|0x0000000704900000, 0x0000000704900000, 0x0000000704a00000|  0%| F|  |TAMS 0x0000000704900000, 0x0000000704900000| Untracked 
|  20|0x0000000704a00000, 0x0000000704a00000, 0x0000000704b00000|  0%| F|  |TAMS 0x0000000704a00000, 0x0000000704a00000| Untracked 
|  21|0x0000000704b00000, 0x0000000704b00000, 0x0000000704c00000|  0%| F|  |TAMS 0x0000000704b00000, 0x0000000704b00000| Untracked 
|  22|0x0000000704c00000, 0x0000000704c00000, 0x0000000704d00000|  0%| F|  |TAMS 0x0000000704c00000, 0x0000000704c00000| Untracked 
|  23|0x0000000704d00000, 0x0000000704d00000, 0x0000000704e00000|  0%| F|  |TAMS 0x0000000704d00000, 0x0000000704d00000| Untracked 
|  24|0x0000000704e00000, 0x0000000704e00000, 0x0000000704f00000|  0%| F|  |TAMS 0x0000000704e00000, 0x0000000704e00000| Untracked 
|  25|0x0000000704f00000, 0x0000000704f00000, 0x0000000705000000|  0%| F|  |TAMS 0x0000000704f00000, 0x0000000704f00000| Untracked 
|  26|0x0000000705000000, 0x0000000705000000, 0x0000000705100000|  0%| F|  |TAMS 0x0000000705000000, 0x0000000705000000| Untracked 
|  27|0x0000000705100000, 0x0000000705100000, 0x0000000705200000|  0%| F|  |TAMS 0x0000000705100000, 0x0000000705100000| Untracked 
|  28|0x0000000705200000, 0x0000000705200000, 0x0000000705300000|  0%| F|  |TAMS 0x0000000705200000, 0x0000000705200000| Untracked 
|  29|0x0000000705300000, 0x0000000705300000, 0x0000000705400000|  0%| F|  |TAMS 0x0000000705300000, 0x0000000705300000| Untracked 
|  30|0x0000000705400000, 0x0000000705400000, 0x0000000705500000|  0%| F|  |TAMS 0x0000000705400000, 0x0000000705400000| Untracked 
|  31|0x0000000705500000, 0x0000000705500000, 0x0000000705600000|  0%| F|  |TAMS 0x0000000705500000, 0x0000000705500000| Untracked 
|  32|0x0000000705600000, 0x0000000705600000, 0x0000000705700000|  0%| F|  |TAMS 0x0000000705600000, 0x0000000705600000| Untracked 
|  33|0x0000000705700000, 0x0000000705700000, 0x0000000705800000|  0%| F|  |TAMS 0x0000000705700000, 0x0000000705700000| Untracked 
|  34|0x0000000705800000, 0x0000000705800000, 0x0000000705900000|  0%| F|  |TAMS 0x0000000705800000, 0x0000000705800000| Untracked 
|  35|0x0000000705900000, 0x0000000705900000, 0x0000000705a00000|  0%| F|  |TAMS 0x0000000705900000, 0x0000000705900000| Untracked 
|  36|0x0000000705a00000, 0x0000000705a00000, 0x0000000705b00000|  0%| F|  |TAMS 0x0000000705a00000, 0x0000000705a00000| Untracked 
|  37|0x0000000705b00000, 0x0000000705b00000, 0x0000000705c00000|  0%| F|  |TAMS 0x0000000705b00000, 0x0000000705b00000| Untracked 
|  38|0x0000000705c00000, 0x0000000705c00000, 0x0000000705d00000|  0%| F|  |TAMS 0x0000000705c00000, 0x0000000705c00000| Untracked 
|  39|0x0000000705d00000, 0x0000000705d00000, 0x0000000705e00000|  0%| F|  |TAMS 0x0000000705d00000, 0x0000000705d00000| Untracked 
|  40|0x0000000705e00000, 0x0000000705e00000, 0x0000000705f00000|  0%| F|  |TAMS 0x0000000705e00000, 0x0000000705e00000| Untracked 
|  41|0x0000000705f00000, 0x0000000705f00000, 0x0000000706000000|  0%| F|  |TAMS 0x0000000705f00000, 0x0000000705f00000| Untracked 
|  42|0x0000000706000000, 0x0000000706000000, 0x0000000706100000|  0%| F|  |TAMS 0x0000000706000000, 0x0000000706000000| Untracked 
|  43|0x0000000706100000, 0x0000000706100000, 0x0000000706200000|  0%| F|  |TAMS 0x0000000706100000, 0x0000000706100000| Untracked 
|  44|0x0000000706200000, 0x0000000706200000, 0x0000000706300000|  0%| F|  |TAMS 0x0000000706200000, 0x0000000706200000| Untracked 
|  45|0x0000000706300000, 0x0000000706300000, 0x0000000706400000|  0%| F|  |TAMS 0x0000000706300000, 0x0000000706300000| Untracked 
|  46|0x0000000706400000, 0x0000000706400000, 0x0000000706500000|  0%| F|  |TAMS 0x0000000706400000, 0x0000000706400000| Untracked 
|  47|0x0000000706500000, 0x0000000706500000, 0x0000000706600000|  0%| F|  |TAMS 0x0000000706500000, 0x0000000706500000| Untracked 
|  48|0x0000000706600000, 0x0000000706600000, 0x0000000706700000|  0%| F|  |TAMS 0x0000000706600000, 0x0000000706600000| Untracked 
|  49|0x0000000706700000, 0x0000000706700000, 0x0000000706800000|  0%| F|  |TAMS 0x0000000706700000, 0x0000000706700000| Untracked 
|  50|0x0000000706800000, 0x0000000706800000, 0x0000000706900000|  0%| F|  |TAMS 0x0000000706800000, 0x0000000706800000| Untracked 
|  51|0x0000000706900000, 0x0000000706900000, 0x0000000706a00000|  0%| F|  |TAMS 0x0000000706900000, 0x0000000706900000| Untracked 
|  52|0x0000000706a00000, 0x0000000706a00000, 0x0000000706b00000|  0%| F|  |TAMS 0x0000000706a00000, 0x0000000706a00000| Untracked 
|  53|0x0000000706b00000, 0x0000000706b00000, 0x0000000706c00000|  0%| F|  |TAMS 0x0000000706b00000, 0x0000000706b00000| Untracked 
|  54|0x0000000706c00000, 0x0000000706c00000, 0x0000000706d00000|  0%| F|  |TAMS 0x0000000706c00000, 0x0000000706c00000| Untracked 
|  55|0x0000000706d00000, 0x0000000706d00000, 0x0000000706e00000|  0%| F|  |TAMS 0x0000000706d00000, 0x0000000706d00000| Untracked 
|  56|0x0000000706e00000, 0x0000000706e00000, 0x0000000706f00000|  0%| F|  |TAMS 0x0000000706e00000, 0x0000000706e00000| Untracked 
|  57|0x0000000706f00000, 0x0000000706f00000, 0x0000000707000000|  0%| F|  |TAMS 0x0000000706f00000, 0x0000000706f00000| Untracked 
|  58|0x0000000707000000, 0x0000000707000000, 0x0000000707100000|  0%| F|  |TAMS 0x0000000707000000, 0x0000000707000000| Untracked 
|  59|0x0000000707100000, 0x0000000707100000, 0x0000000707200000|  0%| F|  |TAMS 0x0000000707100000, 0x0000000707100000| Untracked 
|  60|0x0000000707200000, 0x0000000707200000, 0x0000000707300000|  0%| F|  |TAMS 0x0000000707200000, 0x0000000707200000| Untracked 
|  61|0x0000000707300000, 0x0000000707300000, 0x0000000707400000|  0%| F|  |TAMS 0x0000000707300000, 0x0000000707300000| Untracked 
|  62|0x0000000707400000, 0x0000000707400000, 0x0000000707500000|  0%| F|  |TAMS 0x0000000707400000, 0x0000000707400000| Untracked 
|  63|0x0000000707500000, 0x0000000707500000, 0x0000000707600000|  0%| F|  |TAMS 0x0000000707500000, 0x0000000707500000| Untracked 
|  64|0x0000000707600000, 0x0000000707600000, 0x0000000707700000|  0%| F|  |TAMS 0x0000000707600000, 0x0000000707600000| Untracked 
|  65|0x0000000707700000, 0x0000000707700000, 0x0000000707800000|  0%| F|  |TAMS 0x0000000707700000, 0x0000000707700000| Untracked 
|  66|0x0000000707800000, 0x0000000707800000, 0x0000000707900000|  0%| F|  |TAMS 0x0000000707800000, 0x0000000707800000| Untracked 
|  67|0x0000000707900000, 0x0000000707900000, 0x0000000707a00000|  0%| F|  |TAMS 0x0000000707900000, 0x0000000707900000| Untracked 
|  68|0x0000000707a00000, 0x0000000707a00000, 0x0000000707b00000|  0%| F|  |TAMS 0x0000000707a00000, 0x0000000707a00000| Untracked 
|  69|0x0000000707b00000, 0x0000000707b00000, 0x0000000707c00000|  0%| F|  |TAMS 0x0000000707b00000, 0x0000000707b00000| Untracked 
|  70|0x0000000707c00000, 0x0000000707c00000, 0x0000000707d00000|  0%| F|  |TAMS 0x0000000707c00000, 0x0000000707c00000| Untracked 
|  71|0x0000000707d00000, 0x0000000707d00000, 0x0000000707e00000|  0%| F|  |TAMS 0x0000000707d00000, 0x0000000707d00000| Untracked 
|  72|0x0000000707e00000, 0x0000000707e00000, 0x0000000707f00000|  0%| F|  |TAMS 0x0000000707e00000, 0x0000000707e00000| Untracked 
|  73|0x0000000707f00000, 0x0000000707f00000, 0x0000000708000000|  0%| F|  |TAMS 0x0000000707f00000, 0x0000000707f00000| Untracked 
|  74|0x0000000708000000, 0x0000000708000000, 0x0000000708100000|  0%| F|  |TAMS 0x0000000708000000, 0x0000000708000000| Untracked 
|  75|0x0000000708100000, 0x0000000708100000, 0x0000000708200000|  0%| F|  |TAMS 0x0000000708100000, 0x0000000708100000| Untracked 
|  76|0x0000000708200000, 0x0000000708200000, 0x0000000708300000|  0%| F|  |TAMS 0x0000000708200000, 0x0000000708200000| Untracked 
|  77|0x0000000708300000, 0x0000000708300000, 0x0000000708400000|  0%| F|  |TAMS 0x0000000708300000, 0x0000000708300000| Untracked 
|  78|0x0000000708400000, 0x0000000708400000, 0x0000000708500000|  0%| F|  |TAMS 0x0000000708400000, 0x0000000708400000| Untracked 
|  79|0x0000000708500000, 0x0000000708500000, 0x0000000708600000|  0%| F|  |TAMS 0x0000000708500000, 0x0000000708500000| Untracked 
|  80|0x0000000708600000, 0x0000000708600000, 0x0000000708700000|  0%| F|  |TAMS 0x0000000708600000, 0x0000000708600000| Untracked 
|  81|0x0000000708700000, 0x0000000708700000, 0x0000000708800000|  0%| F|  |TAMS 0x0000000708700000, 0x0000000708700000| Untracked 
|  82|0x0000000708800000, 0x0000000708800000, 0x0000000708900000|  0%| F|  |TAMS 0x0000000708800000, 0x0000000708800000| Untracked 
|  83|0x0000000708900000, 0x0000000708900000, 0x0000000708a00000|  0%| F|  |TAMS 0x0000000708900000, 0x0000000708900000| Untracked 
|  84|0x0000000708a00000, 0x0000000708a00000, 0x0000000708b00000|  0%| F|  |TAMS 0x0000000708a00000, 0x0000000708a00000| Untracked 
|  85|0x0000000708b00000, 0x0000000708b00000, 0x0000000708c00000|  0%| F|  |TAMS 0x0000000708b00000, 0x0000000708b00000| Untracked 
|  86|0x0000000708c00000, 0x0000000708c00000, 0x0000000708d00000|  0%| F|  |TAMS 0x0000000708c00000, 0x0000000708c00000| Untracked 
|  87|0x0000000708d00000, 0x0000000708d00000, 0x0000000708e00000|  0%| F|  |TAMS 0x0000000708d00000, 0x0000000708d00000| Untracked 
|  88|0x0000000708e00000, 0x0000000708e00000, 0x0000000708f00000|  0%| F|  |TAMS 0x0000000708e00000, 0x0000000708e00000| Untracked 
|  89|0x0000000708f00000, 0x0000000708f00000, 0x0000000709000000|  0%| F|  |TAMS 0x0000000708f00000, 0x0000000708f00000| Untracked 
|  90|0x0000000709000000, 0x0000000709000000, 0x0000000709100000|  0%| F|  |TAMS 0x0000000709000000, 0x0000000709000000| Untracked 
|  91|0x0000000709100000, 0x0000000709100000, 0x0000000709200000|  0%| F|  |TAMS 0x0000000709100000, 0x0000000709100000| Untracked 
|  92|0x0000000709200000, 0x0000000709200000, 0x0000000709300000|  0%| F|  |TAMS 0x0000000709200000, 0x0000000709200000| Untracked 
|  93|0x0000000709300000, 0x0000000709300000, 0x0000000709400000|  0%| F|  |TAMS 0x0000000709300000, 0x0000000709300000| Untracked 
|  94|0x0000000709400000, 0x0000000709400000, 0x0000000709500000|  0%| F|  |TAMS 0x0000000709400000, 0x0000000709400000| Untracked 
|  95|0x0000000709500000, 0x0000000709500000, 0x0000000709600000|  0%| F|  |TAMS 0x0000000709500000, 0x0000000709500000| Untracked 
|  96|0x0000000709600000, 0x0000000709600000, 0x0000000709700000|  0%| F|  |TAMS 0x0000000709600000, 0x0000000709600000| Untracked 
|  97|0x0000000709700000, 0x0000000709700000, 0x0000000709800000|  0%| F|  |TAMS 0x0000000709700000, 0x0000000709700000| Untracked 
|  98|0x0000000709800000, 0x0000000709800000, 0x0000000709900000|  0%| F|  |TAMS 0x0000000709800000, 0x0000000709800000| Untracked 
|  99|0x0000000709900000, 0x0000000709900000, 0x0000000709a00000|  0%| F|  |TAMS 0x0000000709900000, 0x0000000709900000| Untracked 
| 100|0x0000000709a00000, 0x0000000709a00000, 0x0000000709b00000|  0%| F|  |TAMS 0x0000000709a00000, 0x0000000709a00000| Untracked 
| 101|0x0000000709b00000, 0x0000000709b00000, 0x0000000709c00000|  0%| F|  |TAMS 0x0000000709b00000, 0x0000000709b00000| Untracked 
| 102|0x0000000709c00000, 0x0000000709c00000, 0x0000000709d00000|  0%| F|  |TAMS 0x0000000709c00000, 0x0000000709c00000| Untracked 
| 103|0x0000000709d00000, 0x0000000709d00000, 0x0000000709e00000|  0%| F|  |TAMS 0x0000000709d00000, 0x0000000709d00000| Untracked 
| 104|0x0000000709e00000, 0x0000000709e00000, 0x0000000709f00000|  0%| F|  |TAMS 0x0000000709e00000, 0x0000000709e00000| Untracked 
| 105|0x0000000709f00000, 0x0000000709f00000, 0x000000070a000000|  0%| F|  |TAMS 0x0000000709f00000, 0x0000000709f00000| Untracked 
| 106|0x000000070a000000, 0x000000070a000000, 0x000000070a100000|  0%| F|  |TAMS 0x000000070a000000, 0x000000070a000000| Untracked 
| 107|0x000000070a100000, 0x000000070a100000, 0x000000070a200000|  0%| F|  |TAMS 0x000000070a100000, 0x000000070a100000| Untracked 
| 108|0x000000070a200000, 0x000000070a200000, 0x000000070a300000|  0%| F|  |TAMS 0x000000070a200000, 0x000000070a200000| Untracked 
| 109|0x000000070a300000, 0x000000070a300000, 0x000000070a400000|  0%| F|  |TAMS 0x000000070a300000, 0x000000070a300000| Untracked 
| 110|0x000000070a400000, 0x000000070a400000, 0x000000070a500000|  0%| F|  |TAMS 0x000000070a400000, 0x000000070a400000| Untracked 
| 111|0x000000070a500000, 0x000000070a500000, 0x000000070a600000|  0%| F|  |TAMS 0x000000070a500000, 0x000000070a500000| Untracked 
| 112|0x000000070a600000, 0x000000070a600000, 0x000000070a700000|  0%| F|  |TAMS 0x000000070a600000, 0x000000070a600000| Untracked 
| 113|0x000000070a700000, 0x000000070a700000, 0x000000070a800000|  0%| F|  |TAMS 0x000000070a700000, 0x000000070a700000| Untracked 
| 114|0x000000070a800000, 0x000000070a800000, 0x000000070a900000|  0%| F|  |TAMS 0x000000070a800000, 0x000000070a800000| Untracked 
| 115|0x000000070a900000, 0x000000070a900000, 0x000000070aa00000|  0%| F|  |TAMS 0x000000070a900000, 0x000000070a900000| Untracked 
| 116|0x000000070aa00000, 0x000000070aa00000, 0x000000070ab00000|  0%| F|  |TAMS 0x000000070aa00000, 0x000000070aa00000| Untracked 
| 117|0x000000070ab00000, 0x000000070ab00000, 0x000000070ac00000|  0%| F|  |TAMS 0x000000070ab00000, 0x000000070ab00000| Untracked 
| 118|0x000000070ac00000, 0x000000070ac00000, 0x000000070ad00000|  0%| F|  |TAMS 0x000000070ac00000, 0x000000070ac00000| Untracked 
| 119|0x000000070ad00000, 0x000000070ad00000, 0x000000070ae00000|  0%| F|  |TAMS 0x000000070ad00000, 0x000000070ad00000| Untracked 
| 120|0x000000070ae00000, 0x000000070ae00000, 0x000000070af00000|  0%| F|  |TAMS 0x000000070ae00000, 0x000000070ae00000| Untracked 
| 121|0x000000070af00000, 0x000000070af00000, 0x000000070b000000|  0%| F|  |TAMS 0x000000070af00000, 0x000000070af00000| Untracked 
| 122|0x000000070b000000, 0x000000070b000000, 0x000000070b100000|  0%| F|  |TAMS 0x000000070b000000, 0x000000070b000000| Untracked 
| 123|0x000000070b100000, 0x000000070b100000, 0x000000070b200000|  0%| F|  |TAMS 0x000000070b100000, 0x000000070b100000| Untracked 
| 124|0x000000070b200000, 0x000000070b200000, 0x000000070b300000|  0%| F|  |TAMS 0x000000070b200000, 0x000000070b200000| Untracked 
| 125|0x000000070b300000, 0x000000070b300000, 0x000000070b400000|  0%| F|  |TAMS 0x000000070b300000, 0x000000070b300000| Untracked 
| 126|0x000000070b400000, 0x000000070b400000, 0x000000070b500000|  0%| F|  |TAMS 0x000000070b400000, 0x000000070b400000| Untracked 
| 127|0x000000070b500000, 0x000000070b500000, 0x000000070b600000|  0%| F|  |TAMS 0x000000070b500000, 0x000000070b500000| Untracked 
| 128|0x000000070b600000, 0x000000070b600000, 0x000000070b700000|  0%| F|  |TAMS 0x000000070b600000, 0x000000070b600000| Untracked 
| 129|0x000000070b700000, 0x000000070b700000, 0x000000070b800000|  0%| F|  |TAMS 0x000000070b700000, 0x000000070b700000| Untracked 
| 130|0x000000070b800000, 0x000000070b800000, 0x000000070b900000|  0%| F|  |TAMS 0x000000070b800000, 0x000000070b800000| Untracked 
| 131|0x000000070b900000, 0x000000070b900000, 0x000000070ba00000|  0%| F|  |TAMS 0x000000070b900000, 0x000000070b900000| Untracked 
| 132|0x000000070ba00000, 0x000000070ba00000, 0x000000070bb00000|  0%| F|  |TAMS 0x000000070ba00000, 0x000000070ba00000| Untracked 
| 133|0x000000070bb00000, 0x000000070bb00000, 0x000000070bc00000|  0%| F|  |TAMS 0x000000070bb00000, 0x000000070bb00000| Untracked 
| 134|0x000000070bc00000, 0x000000070bc00000, 0x000000070bd00000|  0%| F|  |TAMS 0x000000070bc00000, 0x000000070bc00000| Untracked 
| 135|0x000000070bd00000, 0x000000070bd00000, 0x000000070be00000|  0%| F|  |TAMS 0x000000070bd00000, 0x000000070bd00000| Untracked 
| 136|0x000000070be00000, 0x000000070be00000, 0x000000070bf00000|  0%| F|  |TAMS 0x000000070be00000, 0x000000070be00000| Untracked 
| 137|0x000000070bf00000, 0x000000070bf00000, 0x000000070c000000|  0%| F|  |TAMS 0x000000070bf00000, 0x000000070bf00000| Untracked 
| 138|0x000000070c000000, 0x000000070c000000, 0x000000070c100000|  0%| F|  |TAMS 0x000000070c000000, 0x000000070c000000| Untracked 
| 139|0x000000070c100000, 0x000000070c100000, 0x000000070c200000|  0%| F|  |TAMS 0x000000070c100000, 0x000000070c100000| Untracked 
| 140|0x000000070c200000, 0x000000070c200000, 0x000000070c300000|  0%| F|  |TAMS 0x000000070c200000, 0x000000070c200000| Untracked 
| 141|0x000000070c300000, 0x000000070c300000, 0x000000070c400000|  0%| F|  |TAMS 0x000000070c300000, 0x000000070c300000| Untracked 
| 142|0x000000070c400000, 0x000000070c400000, 0x000000070c500000|  0%| F|  |TAMS 0x000000070c400000, 0x000000070c400000| Untracked 
| 143|0x000000070c500000, 0x000000070c500000, 0x000000070c600000|  0%| F|  |TAMS 0x000000070c500000, 0x000000070c500000| Untracked 
| 144|0x000000070c600000, 0x000000070c600000, 0x000000070c700000|  0%| F|  |TAMS 0x000000070c600000, 0x000000070c600000| Untracked 
| 145|0x000000070c700000, 0x000000070c700000, 0x000000070c800000|  0%| F|  |TAMS 0x000000070c700000, 0x000000070c700000| Untracked 
| 146|0x000000070c800000, 0x000000070c800000, 0x000000070c900000|  0%| F|  |TAMS 0x000000070c800000, 0x000000070c800000| Untracked 
| 147|0x000000070c900000, 0x000000070c900000, 0x000000070ca00000|  0%| F|  |TAMS 0x000000070c900000, 0x000000070c900000| Untracked 
| 148|0x000000070ca00000, 0x000000070ca00000, 0x000000070cb00000|  0%| F|  |TAMS 0x000000070ca00000, 0x000000070ca00000| Untracked 
| 149|0x000000070cb00000, 0x000000070cb00000, 0x000000070cc00000|  0%| F|  |TAMS 0x000000070cb00000, 0x000000070cb00000| Untracked 
| 150|0x000000070cc00000, 0x000000070cc00000, 0x000000070cd00000|  0%| F|  |TAMS 0x000000070cc00000, 0x000000070cc00000| Untracked 
| 151|0x000000070cd00000, 0x000000070cd00000, 0x000000070ce00000|  0%| F|  |TAMS 0x000000070cd00000, 0x000000070cd00000| Untracked 
| 152|0x000000070ce00000, 0x000000070ce00000, 0x000000070cf00000|  0%| F|  |TAMS 0x000000070ce00000, 0x000000070ce00000| Untracked 
| 153|0x000000070cf00000, 0x000000070cf00000, 0x000000070d000000|  0%| F|  |TAMS 0x000000070cf00000, 0x000000070cf00000| Untracked 
| 154|0x000000070d000000, 0x000000070d000000, 0x000000070d100000|  0%| F|  |TAMS 0x000000070d000000, 0x000000070d000000| Untracked 
| 155|0x000000070d100000, 0x000000070d100000, 0x000000070d200000|  0%| F|  |TAMS 0x000000070d100000, 0x000000070d100000| Untracked 
| 156|0x000000070d200000, 0x000000070d200000, 0x000000070d300000|  0%| F|  |TAMS 0x000000070d200000, 0x000000070d200000| Untracked 
| 157|0x000000070d300000, 0x000000070d300000, 0x000000070d400000|  0%| F|  |TAMS 0x000000070d300000, 0x000000070d300000| Untracked 
| 158|0x000000070d400000, 0x000000070d400000, 0x000000070d500000|  0%| F|  |TAMS 0x000000070d400000, 0x000000070d400000| Untracked 
| 159|0x000000070d500000, 0x000000070d500000, 0x000000070d600000|  0%| F|  |TAMS 0x000000070d500000, 0x000000070d500000| Untracked 
| 160|0x000000070d600000, 0x000000070d600000, 0x000000070d700000|  0%| F|  |TAMS 0x000000070d600000, 0x000000070d600000| Untracked 
| 161|0x000000070d700000, 0x000000070d700000, 0x000000070d800000|  0%| F|  |TAMS 0x000000070d700000, 0x000000070d700000| Untracked 
| 162|0x000000070d800000, 0x000000070d800000, 0x000000070d900000|  0%| F|  |TAMS 0x000000070d800000, 0x000000070d800000| Untracked 
| 163|0x000000070d900000, 0x000000070d900000, 0x000000070da00000|  0%| F|  |TAMS 0x000000070d900000, 0x000000070d900000| Untracked 
| 164|0x000000070da00000, 0x000000070da00000, 0x000000070db00000|  0%| F|  |TAMS 0x000000070da00000, 0x000000070da00000| Untracked 
| 165|0x000000070db00000, 0x000000070db00000, 0x000000070dc00000|  0%| F|  |TAMS 0x000000070db00000, 0x000000070db00000| Untracked 
| 166|0x000000070dc00000, 0x000000070dc00000, 0x000000070dd00000|  0%| F|  |TAMS 0x000000070dc00000, 0x000000070dc00000| Untracked 
| 167|0x000000070dd00000, 0x000000070dd00000, 0x000000070de00000|  0%| F|  |TAMS 0x000000070dd00000, 0x000000070dd00000| Untracked 
| 168|0x000000070de00000, 0x000000070de00000, 0x000000070df00000|  0%| F|  |TAMS 0x000000070de00000, 0x000000070de00000| Untracked 
| 169|0x000000070df00000, 0x000000070df00000, 0x000000070e000000|  0%| F|  |TAMS 0x000000070df00000, 0x000000070df00000| Untracked 
| 170|0x000000070e000000, 0x000000070e000000, 0x000000070e100000|  0%| F|  |TAMS 0x000000070e000000, 0x000000070e000000| Untracked 
| 171|0x000000070e100000, 0x000000070e100000, 0x000000070e200000|  0%| F|  |TAMS 0x000000070e100000, 0x000000070e100000| Untracked 
| 172|0x000000070e200000, 0x000000070e200000, 0x000000070e300000|  0%| F|  |TAMS 0x000000070e200000, 0x000000070e200000| Untracked 
| 173|0x000000070e300000, 0x000000070e300000, 0x000000070e400000|  0%| F|  |TAMS 0x000000070e300000, 0x000000070e300000| Untracked 
| 174|0x000000070e400000, 0x000000070e400000, 0x000000070e500000|  0%| F|  |TAMS 0x000000070e400000, 0x000000070e400000| Untracked 
| 175|0x000000070e500000, 0x000000070e500000, 0x000000070e600000|  0%| F|  |TAMS 0x000000070e500000, 0x000000070e500000| Untracked 
| 176|0x000000070e600000, 0x000000070e600000, 0x000000070e700000|  0%| F|  |TAMS 0x000000070e600000, 0x000000070e600000| Untracked 
| 177|0x000000070e700000, 0x000000070e700000, 0x000000070e800000|  0%| F|  |TAMS 0x000000070e700000, 0x000000070e700000| Untracked 
| 178|0x000000070e800000, 0x000000070e800000, 0x000000070e900000|  0%| F|  |TAMS 0x000000070e800000, 0x000000070e800000| Untracked 
| 179|0x000000070e900000, 0x000000070e900000, 0x000000070ea00000|  0%| F|  |TAMS 0x000000070e900000, 0x000000070e900000| Untracked 
| 180|0x000000070ea00000, 0x000000070ea00000, 0x000000070eb00000|  0%| F|  |TAMS 0x000000070ea00000, 0x000000070ea00000| Untracked 
| 181|0x000000070eb00000, 0x000000070eb00000, 0x000000070ec00000|  0%| F|  |TAMS 0x000000070eb00000, 0x000000070eb00000| Untracked 
| 182|0x000000070ec00000, 0x000000070ec00000, 0x000000070ed00000|  0%| F|  |TAMS 0x000000070ec00000, 0x000000070ec00000| Untracked 
| 183|0x000000070ed00000, 0x000000070ed00000, 0x000000070ee00000|  0%| F|  |TAMS 0x000000070ed00000, 0x000000070ed00000| Untracked 
| 184|0x000000070ee00000, 0x000000070ee00000, 0x000000070ef00000|  0%| F|  |TAMS 0x000000070ee00000, 0x000000070ee00000| Untracked 
| 185|0x000000070ef00000, 0x000000070ef00000, 0x000000070f000000|  0%| F|  |TAMS 0x000000070ef00000, 0x000000070ef00000| Untracked 
| 186|0x000000070f000000, 0x000000070f000000, 0x000000070f100000|  0%| F|  |TAMS 0x000000070f000000, 0x000000070f000000| Untracked 
| 187|0x000000070f100000, 0x000000070f100000, 0x000000070f200000|  0%| F|  |TAMS 0x000000070f100000, 0x000000070f100000| Untracked 
| 188|0x000000070f200000, 0x000000070f200000, 0x000000070f300000|  0%| F|  |TAMS 0x000000070f200000, 0x000000070f200000| Untracked 
| 189|0x000000070f300000, 0x000000070f300000, 0x000000070f400000|  0%| F|  |TAMS 0x000000070f300000, 0x000000070f300000| Untracked 
| 190|0x000000070f400000, 0x000000070f400000, 0x000000070f500000|  0%| F|  |TAMS 0x000000070f400000, 0x000000070f400000| Untracked 
| 191|0x000000070f500000, 0x000000070f500000, 0x000000070f600000|  0%| F|  |TAMS 0x000000070f500000, 0x000000070f500000| Untracked 
| 192|0x000000070f600000, 0x000000070f600000, 0x000000070f700000|  0%| F|  |TAMS 0x000000070f600000, 0x000000070f600000| Untracked 
| 193|0x000000070f700000, 0x000000070f700000, 0x000000070f800000|  0%| F|  |TAMS 0x000000070f700000, 0x000000070f700000| Untracked 
| 194|0x000000070f800000, 0x000000070f800000, 0x000000070f900000|  0%| F|  |TAMS 0x000000070f800000, 0x000000070f800000| Untracked 
| 195|0x000000070f900000, 0x000000070f900000, 0x000000070fa00000|  0%| F|  |TAMS 0x000000070f900000, 0x000000070f900000| Untracked 
| 196|0x000000070fa00000, 0x000000070fa00000, 0x000000070fb00000|  0%| F|  |TAMS 0x000000070fa00000, 0x000000070fa00000| Untracked 
| 197|0x000000070fb00000, 0x000000070fb00000, 0x000000070fc00000|  0%| F|  |TAMS 0x000000070fb00000, 0x000000070fb00000| Untracked 
| 198|0x000000070fc00000, 0x000000070fc00000, 0x000000070fd00000|  0%| F|  |TAMS 0x000000070fc00000, 0x000000070fc00000| Untracked 
| 199|0x000000070fd00000, 0x000000070fd00000, 0x000000070fe00000|  0%| F|  |TAMS 0x000000070fd00000, 0x000000070fd00000| Untracked 
| 200|0x000000070fe00000, 0x000000070fe00000, 0x000000070ff00000|  0%| F|  |TAMS 0x000000070fe00000, 0x000000070fe00000| Untracked 
| 201|0x000000070ff00000, 0x000000070ff00000, 0x0000000710000000|  0%| F|  |TAMS 0x000000070ff00000, 0x000000070ff00000| Untracked 
| 202|0x0000000710000000, 0x0000000710000000, 0x0000000710100000|  0%| F|  |TAMS 0x0000000710000000, 0x0000000710000000| Untracked 
| 203|0x0000000710100000, 0x0000000710100000, 0x0000000710200000|  0%| F|  |TAMS 0x0000000710100000, 0x0000000710100000| Untracked 
| 204|0x0000000710200000, 0x0000000710200000, 0x0000000710300000|  0%| F|  |TAMS 0x0000000710200000, 0x0000000710200000| Untracked 
| 205|0x0000000710300000, 0x0000000710300000, 0x0000000710400000|  0%| F|  |TAMS 0x0000000710300000, 0x0000000710300000| Untracked 
| 206|0x0000000710400000, 0x0000000710400000, 0x0000000710500000|  0%| F|  |TAMS 0x0000000710400000, 0x0000000710400000| Untracked 
| 207|0x0000000710500000, 0x0000000710500000, 0x0000000710600000|  0%| F|  |TAMS 0x0000000710500000, 0x0000000710500000| Untracked 
| 208|0x0000000710600000, 0x0000000710600000, 0x0000000710700000|  0%| F|  |TAMS 0x0000000710600000, 0x0000000710600000| Untracked 
| 209|0x0000000710700000, 0x0000000710700000, 0x0000000710800000|  0%| F|  |TAMS 0x0000000710700000, 0x0000000710700000| Untracked 
| 210|0x0000000710800000, 0x0000000710800000, 0x0000000710900000|  0%| F|  |TAMS 0x0000000710800000, 0x0000000710800000| Untracked 
| 211|0x0000000710900000, 0x0000000710900000, 0x0000000710a00000|  0%| F|  |TAMS 0x0000000710900000, 0x0000000710900000| Untracked 
| 212|0x0000000710a00000, 0x0000000710a00000, 0x0000000710b00000|  0%| F|  |TAMS 0x0000000710a00000, 0x0000000710a00000| Untracked 
| 213|0x0000000710b00000, 0x0000000710b00000, 0x0000000710c00000|  0%| F|  |TAMS 0x0000000710b00000, 0x0000000710b00000| Untracked 
| 214|0x0000000710c00000, 0x0000000710c00000, 0x0000000710d00000|  0%| F|  |TAMS 0x0000000710c00000, 0x0000000710c00000| Untracked 
| 215|0x0000000710d00000, 0x0000000710d00000, 0x0000000710e00000|  0%| F|  |TAMS 0x0000000710d00000, 0x0000000710d00000| Untracked 
| 216|0x0000000710e00000, 0x0000000710e00000, 0x0000000710f00000|  0%| F|  |TAMS 0x0000000710e00000, 0x0000000710e00000| Untracked 
| 217|0x0000000710f00000, 0x0000000710f00000, 0x0000000711000000|  0%| F|  |TAMS 0x0000000710f00000, 0x0000000710f00000| Untracked 
| 218|0x0000000711000000, 0x0000000711000000, 0x0000000711100000|  0%| F|  |TAMS 0x0000000711000000, 0x0000000711000000| Untracked 
| 219|0x0000000711100000, 0x0000000711100000, 0x0000000711200000|  0%| F|  |TAMS 0x0000000711100000, 0x0000000711100000| Untracked 
| 220|0x0000000711200000, 0x0000000711200000, 0x0000000711300000|  0%| F|  |TAMS 0x0000000711200000, 0x0000000711200000| Untracked 
| 221|0x0000000711300000, 0x0000000711300000, 0x0000000711400000|  0%| F|  |TAMS 0x0000000711300000, 0x0000000711300000| Untracked 
| 222|0x0000000711400000, 0x0000000711400000, 0x0000000711500000|  0%| F|  |TAMS 0x0000000711400000, 0x0000000711400000| Untracked 
| 223|0x0000000711500000, 0x0000000711500000, 0x0000000711600000|  0%| F|  |TAMS 0x0000000711500000, 0x0000000711500000| Untracked 
| 224|0x0000000711600000, 0x0000000711600000, 0x0000000711700000|  0%| F|  |TAMS 0x0000000711600000, 0x0000000711600000| Untracked 
| 225|0x0000000711700000, 0x0000000711700000, 0x0000000711800000|  0%| F|  |TAMS 0x0000000711700000, 0x0000000711700000| Untracked 
| 226|0x0000000711800000, 0x0000000711800000, 0x0000000711900000|  0%| F|  |TAMS 0x0000000711800000, 0x0000000711800000| Untracked 
| 227|0x0000000711900000, 0x00000007119d1b50, 0x0000000711a00000| 81%| S|CS|TAMS 0x0000000711900000, 0x0000000711900000| Complete 
| 228|0x0000000711a00000, 0x0000000711b00000, 0x0000000711b00000|100%| S|CS|TAMS 0x0000000711a00000, 0x0000000711a00000| Complete 
| 229|0x0000000711b00000, 0x0000000711c00000, 0x0000000711c00000|100%| S|CS|TAMS 0x0000000711b00000, 0x0000000711b00000| Complete 
| 230|0x0000000711c00000, 0x0000000711c00000, 0x0000000711d00000|  0%| F|  |TAMS 0x0000000711c00000, 0x0000000711c00000| Untracked 
| 231|0x0000000711d00000, 0x0000000711d00000, 0x0000000711e00000|  0%| F|  |TAMS 0x0000000711d00000, 0x0000000711d00000| Untracked 
| 232|0x0000000711e00000, 0x0000000711e00000, 0x0000000711f00000|  0%| F|  |TAMS 0x0000000711e00000, 0x0000000711e00000| Untracked 
| 233|0x0000000711f00000, 0x0000000711f00000, 0x0000000712000000|  0%| F|  |TAMS 0x0000000711f00000, 0x0000000711f00000| Untracked 
| 234|0x0000000712000000, 0x0000000712000000, 0x0000000712100000|  0%| F|  |TAMS 0x0000000712000000, 0x0000000712000000| Untracked 
| 235|0x0000000712100000, 0x0000000712100000, 0x0000000712200000|  0%| F|  |TAMS 0x0000000712100000, 0x0000000712100000| Untracked 
| 236|0x0000000712200000, 0x0000000712200000, 0x0000000712300000|  0%| F|  |TAMS 0x0000000712200000, 0x0000000712200000| Untracked 
| 237|0x0000000712300000, 0x0000000712300000, 0x0000000712400000|  0%| F|  |TAMS 0x0000000712300000, 0x0000000712300000| Untracked 
| 238|0x0000000712400000, 0x0000000712400000, 0x0000000712500000|  0%| F|  |TAMS 0x0000000712400000, 0x0000000712400000| Untracked 
| 239|0x0000000712500000, 0x0000000712500000, 0x0000000712600000|  0%| F|  |TAMS 0x0000000712500000, 0x0000000712500000| Untracked 
| 240|0x0000000712600000, 0x0000000712600000, 0x0000000712700000|  0%| F|  |TAMS 0x0000000712600000, 0x0000000712600000| Untracked 
| 241|0x0000000712700000, 0x0000000712700000, 0x0000000712800000|  0%| F|  |TAMS 0x0000000712700000, 0x0000000712700000| Untracked 
| 242|0x0000000712800000, 0x0000000712800000, 0x0000000712900000|  0%| F|  |TAMS 0x0000000712800000, 0x0000000712800000| Untracked 
| 243|0x0000000712900000, 0x0000000712900000, 0x0000000712a00000|  0%| F|  |TAMS 0x0000000712900000, 0x0000000712900000| Untracked 
| 244|0x0000000712a00000, 0x0000000712a00000, 0x0000000712b00000|  0%| F|  |TAMS 0x0000000712a00000, 0x0000000712a00000| Untracked 
| 245|0x0000000712b00000, 0x0000000712b00000, 0x0000000712c00000|  0%| F|  |TAMS 0x0000000712b00000, 0x0000000712b00000| Untracked 
| 246|0x0000000712c00000, 0x0000000712c00000, 0x0000000712d00000|  0%| F|  |TAMS 0x0000000712c00000, 0x0000000712c00000| Untracked 
| 247|0x0000000712d00000, 0x0000000712d00000, 0x0000000712e00000|  0%| F|  |TAMS 0x0000000712d00000, 0x0000000712d00000| Untracked 
| 248|0x0000000712e00000, 0x0000000712e00000, 0x0000000712f00000|  0%| F|  |TAMS 0x0000000712e00000, 0x0000000712e00000| Untracked 
| 249|0x0000000712f00000, 0x0000000712f00000, 0x0000000713000000|  0%| F|  |TAMS 0x0000000712f00000, 0x0000000712f00000| Untracked 
| 250|0x0000000713000000, 0x0000000713000000, 0x0000000713100000|  0%| F|  |TAMS 0x0000000713000000, 0x0000000713000000| Untracked 
| 251|0x0000000713100000, 0x0000000713100000, 0x0000000713200000|  0%| F|  |TAMS 0x0000000713100000, 0x0000000713100000| Untracked 
| 252|0x0000000713200000, 0x0000000713200000, 0x0000000713300000|  0%| F|  |TAMS 0x0000000713200000, 0x0000000713200000| Untracked 
| 253|0x0000000713300000, 0x0000000713300000, 0x0000000713400000|  0%| F|  |TAMS 0x0000000713300000, 0x0000000713300000| Untracked 

Card table byte_map: [0x0000028edf4c0000,0x0000028edfcb0000] _byte_map_base: 0x0000028edbca5000

Marking Bits (Prev, Next): (CMBitMap*) 0x0000028ec6447b20, (CMBitMap*) 0x0000028ec6447ae8
 Prev Bits: [0x0000028ee43d0000, 0x0000028ee82f8000)
 Next Bits: [0x0000028ee04a0000, 0x0000028ee43c8000)

Polling page: 0x0000028ec64b0000

Metaspace:

Usage:
  Non-class:     22.16 MB capacity,    21.98 MB (>99%) used,   146.64 KB ( <1%) free+waste,    42.00 KB ( <1%) overhead. 
      Class:      2.81 MB capacity,     2.66 MB ( 95%) used,   127.48 KB (  4%) free+waste,    19.38 KB ( <1%) overhead. 
       Both:     24.97 MB capacity,    24.64 MB ( 99%) used,   274.12 KB (  1%) free+waste,    61.38 KB ( <1%) overhead. 

Virtual space:
  Non-class space:       32.00 MB reserved,      22.17 MB ( 69%) committed 
      Class space:        1.00 GB reserved,       2.88 MB ( <1%) committed 
             Both:        1.03 GB reserved,      25.05 MB (  2%) committed 

Chunk freelists:
   Non-Class:  1.50 KB
       Class:  640 bytes
        Both:  2.13 KB

CodeHeap 'non-profiled nmethods': size=120000Kb used=666Kb max_used=666Kb free=119333Kb
 bounds [0x0000028ed6d30000, 0x0000028ed6fa0000, 0x0000028ede260000]
CodeHeap 'profiled nmethods': size=120000Kb used=2597Kb max_used=2597Kb free=117402Kb
 bounds [0x0000028ecf800000, 0x0000028ecfa90000, 0x0000028ed6d30000]
CodeHeap 'non-nmethods': size=5760Kb used=1181Kb max_used=1210Kb free=4578Kb
 bounds [0x0000028ecf260000, 0x0000028ecf4d0000, 0x0000028ecf800000]
 total_blobs=1907 nmethods=1394 adapters=425
 compilation: enabled
              stopped_count=0, restarted_count=0
 full_count=0

Compilation events (10 events):
Event: 1.823 Thread 0x0000028eeb808000 1391   !   3       java.lang.invoke.MethodHandle::setVarargs (24 bytes)
Event: 1.824 Thread 0x0000028eeb808000 nmethod 1391 0x0000028ecfa85b10 code [0x0000028ecfa85d00, 0x0000028ecfa86398]
Event: 1.824 Thread 0x0000028eeb808000 1392       3       java.lang.invoke.MemberName::isVarargs (23 bytes)
Event: 1.824 Thread 0x0000028eeb808000 nmethod 1392 0x0000028ecfa86590 code [0x0000028ecfa86760, 0x0000028ecfa86bf8]
Event: 1.826 Thread 0x0000028eecd16800 1393   !   4       java.util.concurrent.ConcurrentHashMap::transfer (828 bytes)
Event: 1.827 Thread 0x0000028eeb79f800 1394   !   4       java.util.concurrent.ConcurrentHashMap::putVal (432 bytes)
Event: 1.837 Thread 0x0000028eeb808000 1395       3       java.lang.invoke.MethodHandles$Lookup::findBoundCallerLookup (26 bytes)
Event: 1.838 Thread 0x0000028eeb808000 nmethod 1395 0x0000028ecfa86d90 code [0x0000028ecfa86fa0, 0x0000028ecfa87798]
Event: 1.838 Thread 0x0000028eeb808000 1396       3       java.lang.invoke.MethodHandles$Lookup::getDirectMethodCommon (275 bytes)
Event: 1.839 Thread 0x0000028eeb808000 nmethod 1396 0x0000028ecfa87a10 code [0x0000028ecfa87d40, 0x0000028ecfa88ff8]

GC Heap History (6 events):
Event: 0.557 GC heap before
{Heap before GC invocations=0 (full 0):
 garbage-first heap   total 260096K, used 24576K [0x0000000703600000, 0x0000000800000000)
  region size 1024K, 24 young (24576K), 0 survivors (0K)
 Metaspace       used 13625K, capacity 13875K, committed 13952K, reserved 1062912K
  class space    used 1295K, capacity 1393K, committed 1408K, reserved 1048576K
}
Event: 0.560 GC heap after
{Heap after GC invocations=1 (full 0):
 garbage-first heap   total 260096K, used 4255K [0x0000000703600000, 0x0000000800000000)
  region size 1024K, 3 young (3072K), 3 survivors (3072K)
 Metaspace       used 13625K, capacity 13875K, committed 13952K, reserved 1062912K
  class space    used 1295K, capacity 1393K, committed 1408K, reserved 1048576K
}
Event: 1.627 GC heap before
{Heap before GC invocations=1 (full 0):
 garbage-first heap   total 260096K, used 32927K [0x0000000703600000, 0x0000000800000000)
  region size 1024K, 32 young (32768K), 3 survivors (3072K)
 Metaspace       used 20803K, capacity 21127K, committed 21296K, reserved 1069056K
  class space    used 2187K, capacity 2351K, committed 2432K, reserved 1048576K
}
Event: 1.630 GC heap after
{Heap after GC invocations=2 (full 0):
 garbage-first heap   total 260096K, used 6347K [0x0000000703600000, 0x0000000800000000)
  region size 1024K, 6 young (6144K), 6 survivors (6144K)
 Metaspace       used 20803K, capacity 21127K, committed 21296K, reserved 1069056K
  class space    used 2187K, capacity 2351K, committed 2432K, reserved 1048576K
}
Event: 1.841 GC heap before
{Heap before GC invocations=3 (full 0):
 garbage-first heap   total 260096K, used 29899K [0x0000000703600000, 0x0000000800000000)
  region size 1024K, 30 young (30720K), 6 survivors (6144K)
 Metaspace       used 25231K, capacity 25567K, committed 25648K, reserved 1079296K
  class space    used 2728K, capacity 2875K, committed 2944K, reserved 1048576K
}
Event: 1.844 GC heap after
{Heap after GC invocations=4 (full 0):
 garbage-first heap   total 260096K, used 7069K [0x0000000703600000, 0x0000000800000000)
  region size 1024K, 3 young (3072K), 3 survivors (3072K)
 Metaspace       used 25231K, capacity 25567K, committed 25648K, reserved 1079296K
  class space    used 2728K, capacity 2875K, committed 2944K, reserved 1048576K
}

Deoptimization events (10 events):
Event: 1.598 Thread 0x0000028ec63e7000 Uncommon trap: reason=unstable_if action=reinterpret pc=0x0000028ed6d99db8 method=java.util.HashMap.getNode(ILjava/lang/Object;)Ljava/util/HashMap$Node; @ 62 c2
Event: 1.598 Thread 0x0000028ec63e7000 Uncommon trap: reason=class_check action=maybe_recompile pc=0x0000028ed6d953f8 method=java.util.HashMap.putVal(ILjava/lang/Object;Ljava/lang/Object;ZZ)Ljava/lang/Object; @ 91 c2
Event: 1.598 Thread 0x0000028ec63e7000 Uncommon trap: reason=class_check action=maybe_recompile pc=0x0000028ed6d953f8 method=java.util.HashMap.putVal(ILjava/lang/Object;Ljava/lang/Object;ZZ)Ljava/lang/Object; @ 91 c2
Event: 1.598 Thread 0x0000028ec63e7000 Uncommon trap: reason=class_check action=maybe_recompile pc=0x0000028ed6d953f8 method=java.util.HashMap.putVal(ILjava/lang/Object;Ljava/lang/Object;ZZ)Ljava/lang/Object; @ 91 c2
Event: 1.598 Thread 0x0000028ec63e7000 Uncommon trap: reason=class_check action=maybe_recompile pc=0x0000028ed6d96460 method=java.util.HashMap.putVal(ILjava/lang/Object;Ljava/lang/Object;ZZ)Ljava/lang/Object; @ 91 c2
Event: 1.606 Thread 0x0000028ec63e7000 Uncommon trap: reason=profile_predicate action=maybe_recompile pc=0x0000028ed6db5808 method=java.io.WinNTFileSystem.normalize(Ljava/lang/String;)Ljava/lang/String; @ 25 c2
Event: 1.736 Thread 0x0000028ec63e7000 Uncommon trap: reason=profile_predicate action=maybe_recompile pc=0x0000028ed6dc2950 method=jdk.internal.org.objectweb.asm.ByteVector.putUTF8(Ljava/lang/String;)Ljdk/internal/org/objectweb/asm/ByteVector; @ 77 c2
Event: 1.736 Thread 0x0000028ec63e7000 Uncommon trap: reason=profile_predicate action=maybe_recompile pc=0x0000028ed6dc2950 method=jdk.internal.org.objectweb.asm.ByteVector.putUTF8(Ljava/lang/String;)Ljdk/internal/org/objectweb/asm/ByteVector; @ 77 c2
Event: 1.736 Thread 0x0000028ec63e7000 Uncommon trap: reason=profile_predicate action=maybe_recompile pc=0x0000028ed6dc2950 method=jdk.internal.org.objectweb.asm.ByteVector.putUTF8(Ljava/lang/String;)Ljdk/internal/org/objectweb/asm/ByteVector; @ 77 c2
Event: 1.736 Thread 0x0000028ec63e7000 Uncommon trap: reason=profile_predicate action=maybe_recompile pc=0x0000028ed6dc2950 method=jdk.internal.org.objectweb.asm.ByteVector.putUTF8(Ljava/lang/String;)Ljdk/internal/org/objectweb/asm/ByteVector; @ 77 c2

Classes redefined (0 events):
No events

Internal exceptions (10 events):
Event: 1.106 Thread 0x0000028ec63e7000 Exception <a 'java/lang/NoSuchMethodError'{0x00000007129fc928}: java.lang.invoke.DelegatingMethodHandle$Holder.reinvoke_L(Ljava/lang/Object;IILjava/lang/Object;Ljava/lang/Object;Ljava/lang/Object;Ljava/lang/Object;)Ljava/lang/Object;> (0x00000007129fc928)
Event: 1.107 Thread 0x0000028ec63e7000 Exception <a 'java/lang/NoSuchMethodError'{0x000000071280b780}: java.lang.invoke.DirectMethodHandle$Holder.invokeStatic(Ljava/lang/Object;Ljava/lang/Object;Ljava/lang/Object;Ljava/lang/Object;Ljava/lang/Object;Ljava/lang/Object;I)Ljava/lang/Object;> (0x00
Event: 1.115 Thread 0x0000028ec63e7000 Exception <a 'java/io/FileNotFoundException'{0x00000007128985f0}> (0x00000007128985f0) thrown at [./open/src/hotspot/share/prims/jni.cpp, line 611]
Event: 1.481 Thread 0x0000028ec63e7000 Exception <a 'java/io/FileNotFoundException'{0x0000000712677478}> (0x0000000712677478) thrown at [./open/src/hotspot/share/prims/jni.cpp, line 611]
Event: 1.789 Thread 0x0000028ec63e7000 Exception <a 'java/lang/NoSuchMethodError'{0x00000007121fc428}: java.lang.invoke.DirectMethodHandle$Holder.invokeSpecial(Ljava/lang/Object;Ljava/lang/Object;Ljava/lang/Object;Ljava/lang/Object;)I> (0x00000007121fc428) thrown at [./open/src/hotspot/share/i
Event: 1.803 Thread 0x0000028ec63e7000 Exception <a 'java/lang/NoSuchMethodError'{0x00000007120d4b78}: java.lang.invoke.DirectMethodHandle$Holder.invokeStatic(Ljava/lang/Object;Ljava/lang/Object;Ljava/lang/Object;Ljava/lang/Object;)V> (0x00000007120d4b78) thrown at [./open/src/hotspot/share/in
Event: 1.804 Thread 0x0000028ec63e7000 Exception <a 'java/lang/NoSuchMethodError'{0x00000007120f0a60}: java.lang.invoke.DirectMethodHandle$Holder.invokeStatic(Ljava/lang/Object;ILjava/lang/Object;Ljava/lang/Object;)Ljava/lang/Object;> (0x00000007120f0a60) thrown at [./open/src/hotspot/share/in
Event: 1.804 Thread 0x0000028ec63e7000 Exception <a 'java/lang/NoSuchMethodError'{0x00000007120f7610}: java.lang.invoke.DirectMethodHandle$Holder.invokeSpecial(Ljava/lang/Object;Ljava/lang/Object;ILjava/lang/Object;Ljava/lang/Object;)Ljava/lang/Object;> (0x00000007120f7610) thrown at [./open/s
Event: 1.809 Thread 0x0000028ec63e7000 Exception <a 'java/lang/NoSuchMethodError'{0x0000000711f5a840}: java.lang.invoke.DirectMethodHandle$Holder.invokeSpecial(Ljava/lang/Object;Ljava/lang/Object;Ljava/lang/Object;Ljava/lang/Object;Ljava/lang/Object;Ljava/lang/Object;Ljava/lang/Object;Ljava/la
Event: 1.809 Thread 0x0000028ec63e7000 Exception <a 'java/lang/NoSuchMethodError'{0x0000000711f5e4e8}: java.lang.invoke.Invokers$Holder.linkToTargetMethod(Ljava/lang/Object;Ljava/lang/Object;Ljava/lang/Object;Ljava/lang/Object;Ljava/lang/Object;Ljava/lang/Object;Ljava/lang/Object;Ljava/lang/Ob

Events (10 events):
Event: 1.840 Executing VM operation: RevokeBias done
Event: 1.840 loading class io/grpc/stub/CallStreamObserver
Event: 1.840 loading class io/grpc/stub/CallStreamObserver done
Event: 1.840 loading class io/grpc/internal/RetryingNameResolver$ResolutionResultListener
Event: 1.840 loading class io/grpc/internal/RetryingNameResolver$ResolutionResultListener done
Event: 1.840 loading class io/grpc/stub/ClientCalls$CallToStreamObserverAdapter
Event: 1.840 loading class io/grpc/stub/ClientCalls$CallToStreamObserverAdapter done
Event: 1.840 loading class io/grpc/internal/ManagedChannelImpl$NameResolverListener$1NamesResolved
Event: 1.840 loading class io/grpc/internal/ManagedChannelImpl$NameResolverListener$1NamesResolved done
Event: 1.841 Executing VM operation: CollectForMetadataAllocation


Dynamic libraries:
0x00007ff7423c0000 - 0x00007ff7423cf000 	C:\Program Files\Java\jdk-11.0.14\bin\java.exe
0x00007ffc32d50000 - 0x00007ffc32f67000 	C:\WINDOWS\SYSTEM32\ntdll.dll
0x00007ffc31740000 - 0x00007ffc31804000 	C:\WINDOWS\System32\KERNEL32.DLL
0x00007ffc30070000 - 0x00007ffc3041d000 	C:\WINDOWS\System32\KERNELBASE.dll
0x00007ffc30420000 - 0x00007ffc30531000 	C:\WINDOWS\System32\ucrtbase.dll
0x00007ffc2c3a0000 - 0x00007ffc2c3b8000 	C:\Program Files\Java\jdk-11.0.14\bin\jli.dll
0x00007ffc2c380000 - 0x00007ffc2c395000 	C:\Program Files\Java\jdk-11.0.14\bin\VCRUNTIME140.dll
0x00007ffc324a0000 - 0x00007ffc32552000 	C:\WINDOWS\System32\ADVAPI32.dll
0x00007ffc31890000 - 0x00007ffc31937000 	C:\WINDOWS\System32\msvcrt.dll
0x00007ffc325a0000 - 0x00007ffc32649000 	C:\WINDOWS\System32\sechost.dll
0x00007ffc30540000 - 0x00007ffc30568000 	C:\WINDOWS\System32\bcrypt.dll
0x00007ffc31940000 - 0x00007ffc31a54000 	C:\WINDOWS\System32\RPCRT4.dll
0x00007ffc313e0000 - 0x00007ffc3158e000 	C:\WINDOWS\System32\USER32.dll
0x00007ffc30780000 - 0x00007ffc307a6000 	C:\WINDOWS\System32\win32u.dll
0x00007ffc31010000 - 0x00007ffc31039000 	C:\WINDOWS\System32\GDI32.dll
0x00007ffc1a650000 - 0x00007ffc1a8e3000 	C:\WINDOWS\WinSxS\amd64_microsoft.windows.common-controls_6595b64144ccf1df_6.0.22621.3672_none_2713b9d173822955\COMCTL32.dll
0x00007ffc30820000 - 0x00007ffc30939000 	C:\WINDOWS\System32\gdi32full.dll
0x00007ffc306e0000 - 0x00007ffc3077a000 	C:\WINDOWS\System32\msvcp_win.dll
0x00007ffc281e0000 - 0x00007ffc281ea000 	C:\WINDOWS\SYSTEM32\VERSION.dll
0x00007ffc32560000 - 0x00007ffc32591000 	C:\WINDOWS\System32\IMM32.DLL
0x00007ffbfafa0000 - 0x00007ffbfb03b000 	C:\Program Files\Java\jdk-11.0.14\bin\msvcp140.dll
0x00007ffb7e2e0000 - 0x00007ffb7edf6000 	C:\Program Files\Java\jdk-11.0.14\bin\server\jvm.dll
0x00007ffc31180000 - 0x00007ffc31188000 	C:\WINDOWS\System32\PSAPI.DLL
0x00007ffc2ccf0000 - 0x00007ffc2ccf9000 	C:\WINDOWS\SYSTEM32\WSOCK32.dll
0x00007ffc2c4d0000 - 0x00007ffc2c504000 	C:\WINDOWS\SYSTEM32\WINMM.dll
0x00007ffc30f90000 - 0x00007ffc31001000 	C:\WINDOWS\System32\WS2_32.dll
0x00007ffc2f190000 - 0x00007ffc2f1a8000 	C:\WINDOWS\SYSTEM32\kernel.appcore.dll
0x00007ffc2c400000 - 0x00007ffc2c410000 	C:\Program Files\Java\jdk-11.0.14\bin\verify.dll
0x00007ffc27d20000 - 0x00007ffc27f52000 	C:\WINDOWS\SYSTEM32\DBGHELP.DLL
0x00007ffc30a80000 - 0x00007ffc30e0d000 	C:\WINDOWS\System32\combase.dll
0x00007ffc32ad0000 - 0x00007ffc32ba7000 	C:\WINDOWS\System32\OLEAUT32.dll
0x00007ffc11dc0000 - 0x00007ffc11df2000 	C:\WINDOWS\SYSTEM32\dbgcore.DLL
0x00007ffc30940000 - 0x00007ffc309bb000 	C:\WINDOWS\System32\bcryptPrimitives.dll
0x00007ffc29db0000 - 0x00007ffc29dd8000 	C:\Program Files\Java\jdk-11.0.14\bin\java.dll
0x00007ffc24ba0000 - 0x00007ffc24baa000 	C:\Program Files\Java\jdk-11.0.14\bin\jimage.dll
0x00007ffc24b70000 - 0x00007ffc24b7e000 	C:\Program Files\Java\jdk-11.0.14\bin\instrument.dll
0x00007ffc24b80000 - 0x00007ffc24b96000 	C:\Program Files\Java\jdk-11.0.14\bin\zip.dll
0x00007ffc31a70000 - 0x00007ffc322d8000 	C:\WINDOWS\System32\SHELL32.dll
0x00007ffc2dfc0000 - 0x00007ffc2e8be000 	C:\WINDOWS\SYSTEM32\windows.storage.dll
0x00007ffc2de80000 - 0x00007ffc2dfbf000 	C:\WINDOWS\SYSTEM32\wintypes.dll
0x00007ffc30e10000 - 0x00007ffc30f09000 	C:\WINDOWS\System32\SHCORE.dll
0x00007ffc31830000 - 0x00007ffc3188e000 	C:\WINDOWS\System32\shlwapi.dll
0x00007ffc2ffa0000 - 0x00007ffc2ffc1000 	C:\WINDOWS\SYSTEM32\profapi.dll
0x00007ffc1ad80000 - 0x00007ffc1ad99000 	C:\Program Files\Java\jdk-11.0.14\bin\net.dll
0x00007ffc27be0000 - 0x00007ffc27d16000 	C:\WINDOWS\SYSTEM32\WINHTTP.dll
0x00007ffc2f600000 - 0x00007ffc2f669000 	C:\WINDOWS\system32\mswsock.dll
0x00007ffc17390000 - 0x00007ffc173a2000 	C:\Program Files\Java\jdk-11.0.14\bin\nio.dll
0x00007ffc11fb0000 - 0x00007ffc11fca000 	D:\java\IDEA\IntelliJ IDEA 2022.1.3\bin\breakgen64.dll
0x00007ffc2f860000 - 0x00007ffc2f87b000 	C:\WINDOWS\SYSTEM32\CRYPTSP.dll
0x00007ffc2f0f0000 - 0x00007ffc2f125000 	C:\WINDOWS\system32\rsaenh.dll
0x00007ffc2f700000 - 0x00007ffc2f728000 	C:\WINDOWS\SYSTEM32\USERENV.dll
0x00007ffc2f880000 - 0x00007ffc2f88c000 	C:\WINDOWS\SYSTEM32\CRYPTBASE.dll
0x00007ffc2eb90000 - 0x00007ffc2ebbd000 	C:\WINDOWS\SYSTEM32\IPHLPAPI.DLL
0x00007ffc31a60000 - 0x00007ffc31a69000 	C:\WINDOWS\System32\NSI.dll
0x00007ffc28210000 - 0x00007ffc28229000 	C:\WINDOWS\SYSTEM32\dhcpcsvc6.DLL
0x00007ffc281f0000 - 0x00007ffc2820f000 	C:\WINDOWS\SYSTEM32\dhcpcsvc.DLL
0x00007ffc2ec00000 - 0x00007ffc2ecf8000 	C:\WINDOWS\SYSTEM32\DNSAPI.dll
0x00007ffc0def0000 - 0x00007ffc0df07000 	C:\WINDOWS\system32\napinsp.dll
0x00007ffc0ded0000 - 0x00007ffc0deeb000 	C:\WINDOWS\system32\pnrpnsp.dll
0x00007ffc0deb0000 - 0x00007ffc0dec1000 	C:\WINDOWS\System32\winrnr.dll
0x00007ffc0de90000 - 0x00007ffc0dea5000 	C:\WINDOWS\system32\wshbth.dll
0x00007ffc0de60000 - 0x00007ffc0de87000 	C:\WINDOWS\system32\nlansp_c.dll
0x00007ffc27f60000 - 0x00007ffc27f6a000 	C:\Windows\System32\rasadhlp.dll
0x00007ffc26ec0000 - 0x00007ffc26f43000 	C:\WINDOWS\System32\fwpuclnt.dll

dbghelp: loaded successfully - version: 4.0.5 - missing functions: none
symbol engine: initialized successfully - sym options: 0x614 - pdb path: .;C:\Program Files\Java\jdk-11.0.14\bin;C:\WINDOWS\SYSTEM32;C:\WINDOWS\WinSxS\amd64_microsoft.windows.common-controls_6595b64144ccf1df_6.0.22621.3672_none_2713b9d173822955;C:\Program Files\Java\jdk-11.0.14\bin\server;D:\java\IDEA\IntelliJ IDEA 2022.1.3\bin

VM Arguments:
jvm_args: -javaagent:D:\java\IDEA\IntelliJ IDEA 2022.1.3\lib\idea_rt.jar=50780:D:\java\IDEA\IntelliJ IDEA 2022.1.3\bin -Dfile.encoding=UTF-8 
java_command: com.qinggan.consumer.EasyConsumer
java_class_path (initial): E:\项目\qinggan RPC 框架\extend\qinggan-rpc-extend\consumer\target\classes;E:\项目\qinggan RPC 框架\extend\qinggan-rpc-extend\qinggan-rpc-core\target\classes;D:\Maven\LocalWarehouse\io\etcd\jetcd-core\0.7.7\jetcd-core-0.7.7.jar;D:\Maven\LocalWarehouse\io\etcd\jetcd-grpc\0.7.7\jetcd-grpc-0.7.7.jar;D:\Maven\LocalWarehouse\io\vertx\vertx-grpc\4.5.1\vertx-grpc-4.5.1.jar;D:\Maven\LocalWarehouse\javax\annotation\javax.annotation-api\1.3.2\javax.annotation-api-1.3.2.jar;D:\Maven\LocalWarehouse\io\grpc\grpc-core\1.60.0\grpc-core-1.60.0.jar;D:\Maven\LocalWarehouse\io\grpc\grpc-api\1.60.0\grpc-api-1.60.0.jar;D:\Maven\LocalWarehouse\io\perfmark\perfmark-api\0.26.0\perfmark-api-0.26.0.jar;D:\Maven\LocalWarehouse\io\grpc\grpc-context\1.60.0\grpc-context-1.60.0.jar;D:\Maven\LocalWarehouse\io\grpc\grpc-netty\1.60.0\grpc-netty-1.60.0.jar;D:\Maven\LocalWarehouse\io\grpc\grpc-protobuf\1.60.0\grpc-protobuf-1.60.0.jar;D:\Maven\LocalWarehouse\com\google\protobuf\protobuf-java\3.24.0\protobuf-java-3.24.0.jar;D:\Maven\LocalWarehouse\com\google\api\grpc\proto-google-common-protos\2.22.0\proto-google-common-protos-2.22.0.jar;D:\Maven\LocalWarehouse\io\grpc\grpc-protobuf-lite\1.60.0\grpc-protobuf-lite-1.60.0.jar;D:\Maven\LocalWarehouse\io\grpc\grpc-stub\1.60.0\grpc-stub-1.60.0.jar;D:\Maven\LocalWarehouse\io\grpc\grpc-grpclb\1.60.0\grpc-grpclb-1.60.0.jar;D:\Maven\LocalWarehouse\com\google\protobuf\protobuf-java-util\3.24.0\protobuf-java-util-3.24.0.jar;D:\Maven\LocalWarehouse\io\grpc\grpc-util\1.60.0\grpc-util-1.60.0.jar;D:\Maven\LocalWarehouse\io\etcd\jetcd-api\0.7.7\jetcd-api-0.7.7.jar;D:\Maven\LocalWarehouse\io\etcd\jetcd-common\0.7.7\jetcd-common-0.7.7.jar;D:\Maven\LocalWarehouse\com\google\guava\guava\33.0.0-jre\guava-33.0.0-jre.jar;D:\Maven\LocalWarehouse\com\google\guava\failureaccess\1.0.2\failureaccess-1.0.2.jar;D:\Maven\LocalWarehouse\com\google\guava\listenablefuture\9999.0-empty-to-avoid-conflict-with-guava\listenablefuture-9999.0-empty-to-avoid-confli
Launcher Type: SUN_STANDARD

[Global flags]
     intx CICompilerCount                          = 4                                         {product} {ergonomic}
     uint ConcGCThreads                            = 2                                         {product} {ergonomic}
     uint G1ConcRefinementThreads                  = 8                                         {product} {ergonomic}
   size_t G1HeapRegionSize                         = 1048576                                   {product} {ergonomic}
    uintx GCDrainStackTargetSize                   = 64                                        {product} {ergonomic}
   size_t InitialHeapSize                          = 266338304                                 {product} {ergonomic}
   size_t MarkStackSize                            = 4194304                                   {product} {ergonomic}
   size_t MaxHeapSize                              = 4238344192                                {product} {ergonomic}
   size_t MaxNewSize                               = 2542796800                                {product} {ergonomic}
   size_t MinHeapDeltaBytes                        = 1048576                                   {product} {ergonomic}
    uintx NonNMethodCodeHeapSize                   = 5836300                                {pd product} {ergonomic}
    uintx NonProfiledCodeHeapSize                  = 122910970                              {pd product} {ergonomic}
    uintx ProfiledCodeHeapSize                     = 122910970                              {pd product} {ergonomic}
    uintx ReservedCodeCacheSize                    = 251658240                              {pd product} {ergonomic}
     bool SegmentedCodeCache                       = true                                      {product} {ergonomic}
     bool UseCompressedClassPointers               = true                                 {lp64_product} {ergonomic}
     bool UseCompressedOops                        = true                                 {lp64_product} {ergonomic}
     bool UseG1GC                                  = true                                      {product} {ergonomic}
     bool UseLargePagesIndividualAllocation        = false                                  {pd product} {ergonomic}

Logging:
Log output configuration:
 #0: stdout all=warning uptime,level,tags
 #1: stderr all=off uptime,level,tags

Environment Variables:
JAVA_HOME=C:\Program Files\Java\jdk-17
CLASSPATH=D:\LINGO\Lingo18.jar
PATH=E:\VMware\bin\;C:\Program Files\Java\jdk-17\bin;D:\MySQL\MySQL Server 8.0\bin;D:\Maven\apache-maven-3.9.8\bin;C:\Program Files\Common Files\Oracle\Java\javapath;C:\WINDOWS\system32;C:\WINDOWS;C:\WINDOWS\System32\Wbem;C:\WINDOWS\System32\WindowsPowerShell\v1.0\;C:\WINDOWS\System32\OpenSSH\;%JAVA_CLASS%\bin;E:\matlab2018b\bin;D:\LINGO\;D:\Xshell\;D:\Xftp\;C:\Program Files\Git\cmd;D:\DosBox\MASM\;D:\DosBox\MASM\bin;D:\微信开发者工具\微信web开发者工具\dll;D:\vue\;D:\vue\node_global\node_modules;D:\python\Scripts\;D:\python\;D:\Scripts\;D:\;C:\Users\1401687501x's\AppData\Local\Microsoft\WindowsApps;D:\新建文件夹\PyCharm Community Edition 2023.1\bin;;E:\javaData\Tomcat\apache-tomcat-9.0.76\lib;E:\javaData\Tomcat\apache-tomcat-9.0.76\bin;E:\javaData\Tomcat\apache-tomcat-9.0.76\lib\servlet-api.jar;C:\Users\1401687501x's\AppData\Local\GitHubDesktop\bin;D:\VSode\Microsoft VS Code\bin;D:\vue\node_global;"D:\jmeter\apache-jmeter-5.6.3\lib\ext\ApacheJMeter_core.jar;D:\jmeter\apache-jmeter-5.6.3\lib\jorphan.jar;D:\jmeter\apache-jmeter-5.6.3\lib\logkit-2.0.jar;";
USERNAME=1401687501x's
OS=Windows_NT
PROCESSOR_IDENTIFIER=Intel64 Family 6 Model 140 Stepping 1, GenuineIntel



---------------  S Y S T E M  ---------------

OS: Windows 11 , 64 bit Build 22621 (10.0.22621.3958)

CPU:total 8 (initial active 8) (4 cores per cpu, 2 threads per core) family 6 model 140 stepping 1 microcode 0x8a, cmov, cx8, fxsr, mmx, sse, sse2, sse3, ssse3, sse4.1, sse4.2, popcnt, avx, avx2, aes, clmul, erms, 3dnowpref, lzcnt, ht, tsc, tscinvbit, bmi1, bmi2, adx, evex, sha, fma

Memory: 4k page, system-wide physical 16167M (2106M free)
TotalPageFile size 41635M (AvailPageFile size 4M)
current process WorkingSet (physical memory assigned to process): 130M, peak: 130M
current process commit charge ("private bytes"): 383M, peak: 384M

vm_info: Java HotSpot(TM) 64-Bit Server VM (11.0.14+8-LTS-263) for windows-amd64 JRE (11.0.14+8-LTS-263), built on Dec  7 2021 21:53:57 by "mach5one" with MS VC++ 15.9 (VS2017)

END.
